生成启动时间为 2020/11/13 星期五 11:34:25。
     1>项目“D:\VCPRO\PhoneManager\PhoneManager\PhoneManager.vcxproj”在节点 2 上(Build 个目标)。
     1>ClCompile:
         C:\Program Files (x86)\Microsoft Visual Studio 11.0\VC\bin\x86_amd64\CL.exe /c /Zi /nologo /W3 /WX- /sdl /Od /D WIN32 /D _DEBUG /D _WINDOWS /Gm /EHsc /RTC1 /MDd /GS /fp:precise /Zc:wchar_t /Zc:forScope /Yu"stdafx.h" /Fp"x64\Debug\PhoneManager.pch" /Fo"x64\Debug\\" /Fd"x64\Debug\vc110.pdb" /Gd /TP /errorReport:prompt D3DUtils.cpp
         D3DUtils.cpp
     1>d:\vcpro\phonemanager\ffmpeg\include\libavutil\rational.h : warning C4819: 该文件包含不能在当前代码页(936)中表示的字符。请将该文件保存为 Unicode 格式以防止数据丢失
     1>D:\VCPRO\PhoneManager\ffmpeg\include\libavutil/rational.h : warning C4819: 该文件包含不能在当前代码页(936)中表示的字符。请将该文件保存为 Unicode 格式以防止数据丢失
     1>D3DUtils.cpp(128): warning C4018: “<”: 有符号/无符号不匹配
     1>D3DUtils.cpp(196): warning C4018: “<”: 有符号/无符号不匹配
     1>D3DUtils.cpp(218): warning C4018: “<”: 有符号/无符号不匹配
     1>D3DUtils.cpp(415): warning C4018: “<”: 有符号/无符号不匹配
     1>D3DUtils.cpp(506): warning C4258: “j”: 忽略 For 循环中的定义；使用封闭范围中的定义
                 D3DUtils.cpp(494) : 忽略“j”的定义
                 D3DUtils.cpp(460) : 使用“j”的定义
     1>D3DUtils.cpp(507): warning C4258: “j”: 忽略 For 循环中的定义；使用封闭范围中的定义
                 D3DUtils.cpp(494) : 忽略“j”的定义
                 D3DUtils.cpp(460) : 使用“j”的定义
     1>D3DUtils.cpp(900): warning C4101: “ret”: 未引用的局部变量
     1>D3DUtils.cpp(899): warning C4101: “hr”: 未引用的局部变量
       ResourceCompile:
         C:\Program Files (x86)\Windows Kits\8.0\bin\x86\rc.exe /l"0x0409" /nologo /fo"x64\Debug\PhoneManager.res" PhoneManager.rc 
       Link:
         C:\Program Files (x86)\Microsoft Visual Studio 11.0\VC\bin\x86_amd64\link.exe /ERRORREPORT:PROMPT /OUT:"D:\VCPRO\PhoneManager\x64\Debug\PhoneManager.exe" /INCREMENTAL /NOLOGO avcodec.lib avdevice.lib avfilter.lib avformat.lib avutil.lib postproc.lib swresample.lib swscale.lib kernel32.lib user32.lib gdi32.lib winspool.lib comdlg32.lib advapi32.lib shell32.lib ole32.lib oleaut32.lib uuid.lib odbc32.lib odbccp32.lib /MANIFEST /MANIFESTUAC:"level='asInvoker' uiAccess='false'" /manifest:embed /DEBUG /PDB:"D:\VCPRO\PhoneManager\x64\Debug\PhoneManager.pdb" /SUBSYSTEM:WINDOWS /TLBID:1 /DYNAMICBASE /NXCOMPAT /IMPLIB:"D:\VCPRO\PhoneManager\x64\Debug\PhoneManager.lib" /MACHINE:X64 x64\Debug\PhoneManager.res
         x64\Debug\D3DUtils.obj
         x64\Debug\PhoneManager.obj
         x64\Debug\stdafx.obj
         x64\Debug\VideoService.obj
         x64\Debug\YUVTools.obj
     1>D3DUtils.obj : error LNK2019: 无法解析的外部符号 Direct3DCreate9，该符号在函数 "public: long __cdecl D3DUtils::InitD3D(struct HWND__ *,int,int)" (?InitD3D@D3DUtils@@QEAAJPEAUHWND__@@HH@Z) 中被引用
     1>D3DUtils.obj : error LNK2019: 无法解析的外部符号 D3DXMatrixLookAtLH，该符号在函数 "public: long __cdecl D3DUtils::InitD3D(struct HWND__ *,int,int)" (?InitD3D@D3DUtils@@QEAAJPEAUHWND__@@HH@Z) 中被引用
     1>D3DUtils.obj : error LNK2019: 无法解析的外部符号 D3DXMatrixPerspectiveFovLH，该符号在函数 "public: long __cdecl D3DUtils::InitD3D(struct HWND__ *,int,int)" (?InitD3D@D3DUtils@@QEAAJPEAUHWND__@@HH@Z) 中被引用
     1>D3DUtils.obj : error LNK2019: 无法解析的外部符号 D3DXCreateTexture，该符号在函数 "public: void __cdecl D3DUtils::RenderRGB32(unsigned char *,int,int,int,int)" (?RenderRGB32@D3DUtils@@QEAAXPEAEHHHH@Z) 中被引用
     1>D3DUtils.obj : error LNK2019: 无法解析的外部符号 D3DXCreateTextureFromFileA，该符号在函数 "public: long __cdecl D3DUtils::InitD3D(struct HWND__ *,int,int)" (?InitD3D@D3DUtils@@QEAAJPEAUHWND__@@HH@Z) 中被引用
     1>D3DUtils.obj : error LNK2019: 无法解析的外部符号 av_mallocz，该符号在函数 "int __cdecl dxva2_get_buffer(struct AVCodecContext *,struct AVFrame *,int)" (?dxva2_get_buffer@@YAHPEAUAVCodecContext@@PEAUAVFrame@@H@Z) 中被引用
     1>D3DUtils.obj : error LNK2019: 无法解析的外部符号 av_free，该符号在函数 "void __cdecl dxva2_release_buffer(void *,unsigned char *)" (?dxva2_release_buffer@@YAXPEAXPEAE@Z) 中被引用
     1>VideoService.obj : error LNK2001: 无法解析的外部符号 av_free
     1>D3DUtils.obj : error LNK2019: 无法解析的外部符号 av_freep，该符号在函数 "void __cdecl dxva2_destroy_decoder(struct AVCodecContext *)" (?dxva2_destroy_decoder@@YAXPEAUAVCodecContext@@@Z) 中被引用
     1>D3DUtils.obj : error LNK2019: 无法解析的外部符号 av_log，该符号在函数 "int __cdecl dxva2_init(struct AVCodecContext *,struct HWND__ *)" (?dxva2_init@@YAHPEAUAVCodecContext@@PEAUHWND__@@@Z) 中被引用
     1>D3DUtils.obj : error LNK2019: 无法解析的外部符号 av_buffer_create，该符号在函数 "int __cdecl dxva2_get_buffer(struct AVCodecContext *,struct AVFrame *,int)" (?dxva2_get_buffer@@YAHPEAUAVCodecContext@@PEAUAVFrame@@H@Z) 中被引用
     1>D3DUtils.obj : error LNK2019: 无法解析的外部符号 av_frame_alloc，该符号在函数 "int __cdecl dxva2_alloc(struct AVCodecContext *,struct HWND__ *)" (?dxva2_alloc@@YAHPEAUAVCodecContext@@PEAUHWND__@@@Z) 中被引用
     1>VideoService.obj : error LNK2001: 无法解析的外部符号 av_frame_alloc
     1>D3DUtils.obj : error LNK2019: 无法解析的外部符号 av_frame_free，该符号在函数 "void __cdecl dxva2_uninit(struct AVCodecContext *)" (?dxva2_uninit@@YAXPEAUAVCodecContext@@@Z) 中被引用
     1>VideoService.obj : error LNK2001: 无法解析的外部符号 av_frame_free
     1>VideoService.obj : error LNK2019: 无法解析的外部符号 av_malloc，该符号在函数 "private: unsigned long __cdecl VideoService::ffplay(void)" (?ffplay@VideoService@@AEAAKXZ) 中被引用
     1>VideoService.obj : error LNK2019: 无法解析的外部符号 av_dict_set，该符号在函数 "private: unsigned long __cdecl VideoService::ffplay(void)" (?ffplay@VideoService@@AEAAKXZ) 中被引用
     1>VideoService.obj : error LNK2019: 无法解析的外部符号 av_dict_free，该符号在函数 "private: unsigned long __cdecl VideoService::ffplay(void)" (?ffplay@VideoService@@AEAAKXZ) 中被引用
     1>VideoService.obj : error LNK2019: 无法解析的外部符号 avcodec_alloc_context3，该符号在函数 "private: unsigned long __cdecl VideoService::ffplay(void)" (?ffplay@VideoService@@AEAAKXZ) 中被引用
     1>VideoService.obj : error LNK2019: 无法解析的外部符号 avcodec_parameters_to_context，该符号在函数 "private: unsigned long __cdecl VideoService::ffplay(void)" (?ffplay@VideoService@@AEAAKXZ) 中被引用
     1>VideoService.obj : error LNK2019: 无法解析的外部符号 avcodec_open2，该符号在函数 "private: unsigned long __cdecl VideoService::ffplay(void)" (?ffplay@VideoService@@AEAAKXZ) 中被引用
     1>VideoService.obj : error LNK2019: 无法解析的外部符号 avcodec_close，该符号在函数 "private: unsigned long __cdecl VideoService::ffplay(void)" (?ffplay@VideoService@@AEAAKXZ) 中被引用
     1>VideoService.obj : error LNK2019: 无法解析的外部符号 av_packet_unref，该符号在函数 "private: unsigned long __cdecl VideoService::ffplay(void)" (?ffplay@VideoService@@AEAAKXZ) 中被引用
     1>VideoService.obj : error LNK2019: 无法解析的外部符号 avcodec_find_decoder，该符号在函数 "private: unsigned long __cdecl VideoService::ffplay(void)" (?ffplay@VideoService@@AEAAKXZ) 中被引用
     1>VideoService.obj : error LNK2019: 无法解析的外部符号 avcodec_send_packet，该符号在函数 "private: unsigned long __cdecl VideoService::ffplay(void)" (?ffplay@VideoService@@AEAAKXZ) 中被引用
     1>VideoService.obj : error LNK2019: 无法解析的外部符号 avcodec_receive_frame，该符号在函数 "private: unsigned long __cdecl VideoService::ffplay(void)" (?ffplay@VideoService@@AEAAKXZ) 中被引用
     1>VideoService.obj : error LNK2019: 无法解析的外部符号 av_register_all，该符号在函数 "private: unsigned long __cdecl VideoService::ffplay(void)" (?ffplay@VideoService@@AEAAKXZ) 中被引用
     1>VideoService.obj : error LNK2019: 无法解析的外部符号 avformat_network_init，该符号在函数 "private: unsigned long __cdecl VideoService::ffplay(void)" (?ffplay@VideoService@@AEAAKXZ) 中被引用
     1>VideoService.obj : error LNK2019: 无法解析的外部符号 avformat_alloc_context，该符号在函数 "private: unsigned long __cdecl VideoService::ffplay(void)" (?ffplay@VideoService@@AEAAKXZ) 中被引用
     1>VideoService.obj : error LNK2019: 无法解析的外部符号 avformat_open_input，该符号在函数 "private: unsigned long __cdecl VideoService::ffplay(void)" (?ffplay@VideoService@@AEAAKXZ) 中被引用
     1>VideoService.obj : error LNK2019: 无法解析的外部符号 avformat_find_stream_info，该符号在函数 "private: unsigned long __cdecl VideoService::ffplay(void)" (?ffplay@VideoService@@AEAAKXZ) 中被引用
     1>VideoService.obj : error LNK2019: 无法解析的外部符号 av_read_frame，该符号在函数 "private: unsigned long __cdecl VideoService::ffplay(void)" (?ffplay@VideoService@@AEAAKXZ) 中被引用
     1>VideoService.obj : error LNK2019: 无法解析的外部符号 avformat_close_input，该符号在函数 "private: unsigned long __cdecl VideoService::ffplay(void)" (?ffplay@VideoService@@AEAAKXZ) 中被引用
     1>D:\VCPRO\PhoneManager\x64\Debug\PhoneManager.exe : fatal error LNK1120: 30 个无法解析的外部命令
     1>已完成生成项目“D:\VCPRO\PhoneManager\PhoneManager\PhoneManager.vcxproj”(Build 个目标)的操作 - 失败。

生成失败。

已用时间 00:00:00.94
